android/app/build/intermediates/manifest_merge_blame_file/debug/processDebugMainManifest/manifest-merger-blame-debug-report.txt
1<?xml version="1.0" encoding="utf-8"?>
2<manifest xmlns:android="http://schemas.android.com/apk/res/android"
3    package="com.zaparkyi.app"
4    android:versionCode="1"
5    android:versionName="1.0" >
6
7    <uses-sdk
8        android:minSdkVersion="23"
9        android:targetSdkVersion="35" />
10
11    <!-- Permissions -->
12    <uses-permission android:name="android.permission.INTERNET" />
12-->src/main/AndroidManifest.xml:39:5-67
12-->src/main/AndroidManifest.xml:39:22-64
13    <uses-permission android:name="android.permission.ACCESS_FINE_LOCATION" />
13-->src/main/AndroidManifest.xml:40:5-79
13-->src/main/AndroidManifest.xml:40:22-76
14    <uses-permission android:name="android.permission.ACCESS_COARSE_LOCATION" />
14-->src/main/AndroidManifest.xml:41:5-81
14-->src/main/AndroidManifest.xml:41:22-78
15    <uses-permission android:name="android.permission.ACCESS_BACKGROUND_LOCATION" />
15-->src/main/AndroidManifest.xml:42:5-85
15-->src/main/AndroidManifest.xml:42:22-82
16    <uses-permission android:name="android.permission.RECEIVE_BOOT_COMPLETED" />
16-->src/main/AndroidManifest.xml:43:5-81
16-->src/main/AndroidManifest.xml:43:22-78
17    <uses-permission android:name="android.permission.VIBRATE" />
17-->src/main/AndroidManifest.xml:44:5-66
17-->src/main/AndroidManifest.xml:44:22-63
18    <uses-permission android:name="android.permission.POST_NOTIFICATIONS" />
18-->src/main/AndroidManifest.xml:45:5-77
18-->src/main/AndroidManifest.xml:45:22-74
19
20    <!-- Geofence features -->
21    <uses-feature
21-->src/main/AndroidManifest.xml:48:5-91
22        android:name="android.hardware.location.gps"
22-->src/main/AndroidManifest.xml:48:19-63
23        android:required="false" />
23-->src/main/AndroidManifest.xml:48:64-88
24
25    <uses-permission android:name="android.permission.WAKE_LOCK" />
25-->[:capacitor-local-notifications] AndroidManifest.xml:8:5-68
25-->[:capacitor-local-notifications] AndroidManifest.xml:8:22-65
26    <uses-permission android:name="android.permission.ACCESS_NETWORK_STATE" />
26-->[io.ionic.libs:iongeolocation-android:2.2.0] AndroidManifest.xml:7:5-79
26-->[io.ionic.libs:iongeolocation-android:2.2.0] AndroidManifest.xml:7:22-76
27
28    <permission
28-->[androidx.core:core:1.15.0] AndroidManifest.xml:22:5-24:47
29        android:name="com.zaparkyi.app.DYNAMIC_RECEIVER_NOT_EXPORTED_PERMISSION"
29-->[androidx.core:core:1.15.0] AndroidManifest.xml:23:9-81
30        android:protectionLevel="signature" />
30-->[androidx.core:core:1.15.0] AndroidManifest.xml:24:9-44
31
32    <uses-permission android:name="com.zaparkyi.app.DYNAMIC_RECEIVER_NOT_EXPORTED_PERMISSION" />
32-->[androidx.core:core:1.15.0] AndroidManifest.xml:26:5-97
32-->[androidx.core:core:1.15.0] AndroidManifest.xml:26:22-94
33
34    <application
34-->src/main/AndroidManifest.xml:4:5-36:19
35        android:allowBackup="true"
35-->src/main/AndroidManifest.xml:5:9-35
36        android:appComponentFactory="androidx.core.app.CoreComponentFactory"
36-->[androidx.core:core:1.15.0] AndroidManifest.xml:28:18-86
37        android:debuggable="true"
38        android:extractNativeLibs="false"
39        android:icon="@mipmap/ic_launcher"
39-->src/main/AndroidManifest.xml:6:9-43
40        android:label="@string/app_name"
40-->src/main/AndroidManifest.xml:7:9-41
41        android:roundIcon="@mipmap/ic_launcher_round"
41-->src/main/AndroidManifest.xml:8:9-54
42        android:supportsRtl="true"
42-->src/main/AndroidManifest.xml:9:9-35
43        android:theme="@style/AppTheme"
43-->src/main/AndroidManifest.xml:10:9-40
44        android:usesCleartextTraffic="true" >
44-->[:capacitor-cordova-android-plugins] AndroidManifest.xml:8:18-53
45        <activity
45-->src/main/AndroidManifest.xml:12:9-25:20
46            android:name="com.zaparkyi.app.MainActivity"
46-->src/main/AndroidManifest.xml:14:13-41
47            android:configChanges="orientation|keyboardHidden|keyboard|screenSize|locale|smallestScreenSize|screenLayout|uiMode|navigation"
47-->src/main/AndroidManifest.xml:13:13-140
48            android:exported="true"
48-->src/main/AndroidManifest.xml:18:13-36
49            android:label="@string/title_activity_main"
49-->src/main/AndroidManifest.xml:15:13-56
50            android:launchMode="singleTask"
50-->src/main/AndroidManifest.xml:17:13-44
51            android:theme="@style/AppTheme.NoActionBarLaunch" >
51-->src/main/AndroidManifest.xml:16:13-62
52            <intent-filter>
52-->src/main/AndroidManifest.xml:20:13-23:29
53                <action android:name="android.intent.action.MAIN" />
53-->src/main/AndroidManifest.xml:21:17-69
53-->src/main/AndroidManifest.xml:21:25-66
54
55                <category android:name="android.intent.category.LAUNCHER" />
55-->src/main/AndroidManifest.xml:22:17-77
55-->src/main/AndroidManifest.xml:22:27-74
56            </intent-filter>
57        </activity>
58
59        <provider
60            android:name="androidx.core.content.FileProvider"
60-->src/main/AndroidManifest.xml:28:13-62
61            android:authorities="com.zaparkyi.app.fileprovider"
61-->src/main/AndroidManifest.xml:29:13-64
62            android:exported="false"
62-->src/main/AndroidManifest.xml:30:13-37
63            android:grantUriPermissions="true" >
63-->src/main/AndroidManifest.xml:31:13-47
64            <meta-data
64-->src/main/AndroidManifest.xml:32:13-34:64
65                android:name="android.support.FILE_PROVIDER_PATHS"
65-->src/main/AndroidManifest.xml:33:17-67
66                android:resource="@xml/file_paths" />
66-->src/main/AndroidManifest.xml:34:17-51
67        </provider>
68
69        <receiver android:name="com.capacitorjs.plugins.localnotifications.TimedNotificationPublisher" />
69-->[:capacitor-local-notifications] AndroidManifest.xml:12:9-106
69-->[:capacitor-local-notifications] AndroidManifest.xml:12:19-103
70        <receiver android:name="com.capacitorjs.plugins.localnotifications.NotificationDismissReceiver" />
70-->[:capacitor-local-notifications] AndroidManifest.xml:13:9-107
70-->[:capacitor-local-notifications] AndroidManifest.xml:13:19-104
71        <receiver
71-->[:capacitor-local-notifications] AndroidManifest.xml:14:9-23:20
72            android:name="com.capacitorjs.plugins.localnotifications.LocalNotificationRestoreReceiver"
72-->[:capacitor-local-notifications] AndroidManifest.xml:15:13-103
73            android:directBootAware="true"
73-->[:capacitor-local-notifications] AndroidManifest.xml:16:13-43
74            android:exported="false" >
74-->[:capacitor-local-notifications] AndroidManifest.xml:17:13-37
75            <intent-filter>
75-->[:capacitor-local-notifications] AndroidManifest.xml:18:13-22:29
76                <action android:name="android.intent.action.LOCKED_BOOT_COMPLETED" />
76-->[:capacitor-local-notifications] AndroidManifest.xml:19:17-86
76-->[:capacitor-local-notifications] AndroidManifest.xml:19:25-83
77                <action android:name="android.intent.action.BOOT_COMPLETED" />
77-->[:capacitor-local-notifications] AndroidManifest.xml:20:17-79
77-->[:capacitor-local-notifications] AndroidManifest.xml:20:25-76
78                <action android:name="android.intent.action.QUICKBOOT_POWERON" />
78-->[:capacitor-local-notifications] AndroidManifest.xml:21:17-82
78-->[:capacitor-local-notifications] AndroidManifest.xml:21:25-79
79            </intent-filter>
80        </receiver>
81
82        <activity
82-->[com.google.android.gms:play-services-base:18.5.0] AndroidManifest.xml:5:9-173
83            android:name="com.google.android.gms.common.api.GoogleApiActivity"
83-->[com.google.android.gms:play-services-base:18.5.0] AndroidManifest.xml:5:19-85
84            android:exported="false"
84-->[com.google.android.gms:play-services-base:18.5.0] AndroidManifest.xml:5:146-170
85            android:theme="@android:style/Theme.Translucent.NoTitleBar" />
85-->[com.google.android.gms:play-services-base:18.5.0] AndroidManifest.xml:5:86-145
86
87        <provider
87-->[androidx.emoji2:emoji2:1.3.0] AndroidManifest.xml:24:9-32:20
88            android:name="androidx.startup.InitializationProvider"
88-->[androidx.emoji2:emoji2:1.3.0] AndroidManifest.xml:25:13-67
89            android:authorities="com.zaparkyi.app.androidx-startup"
89-->[androidx.emoji2:emoji2:1.3.0] AndroidManifest.xml:26:13-68
90            android:exported="false" >
90-->[androidx.emoji2:emoji2:1.3.0] AndroidManifest.xml:27:13-37
91            <meta-data
91-->[androidx.emoji2:emoji2:1.3.0] AndroidManifest.xml:29:13-31:52
92                android:name="androidx.emoji2.text.EmojiCompatInitializer"
92-->[androidx.emoji2:emoji2:1.3.0] AndroidManifest.xml:30:17-75
93                android:value="androidx.startup" />
93-->[androidx.emoji2:emoji2:1.3.0] AndroidManifest.xml:31:17-49
94            <meta-data
94-->[androidx.lifecycle:lifecycle-process:2.6.2] AndroidManifest.xml:29:13-31:52
95                android:name="androidx.lifecycle.ProcessLifecycleInitializer"
95-->[androidx.lifecycle:lifecycle-process:2.6.2] AndroidManifest.xml:30:17-78
96                android:value="androidx.startup" />
96-->[androidx.lifecycle:lifecycle-process:2.6.2] AndroidManifest.xml:31:17-49
97            <meta-data
97-->[androidx.profileinstaller:profileinstaller:1.3.1] AndroidManifest.xml:29:13-31:52
98                android:name="androidx.profileinstaller.ProfileInstallerInitializer"
98-->[androidx.profileinstaller:profileinstaller:1.3.1] AndroidManifest.xml:30:17-85
99                android:value="androidx.startup" />
99-->[androidx.profileinstaller:profileinstaller:1.3.1] AndroidManifest.xml:31:17-49
100        </provider>
101
102        <meta-data
102-->[com.google.android.gms:play-services-basement:18.4.0] AndroidManifest.xml:6:9-122
103            android:name="com.google.android.gms.version"
103-->[com.google.android.gms:play-services-basement:18.4.0] AndroidManifest.xml:6:20-65
104            android:value="@integer/google_play_services_version" />
104-->[com.google.android.gms:play-services-basement:18.4.0] AndroidManifest.xml:6:66-119
105
106        <receiver
106-->[androidx.profileinstaller:profileinstaller:1.3.1] AndroidManifest.xml:34:9-52:20
107            android:name="androidx.profileinstaller.ProfileInstallReceiver"
107-->[androidx.profileinstaller:profileinstaller:1.3.1] AndroidManifest.xml:35:13-76
108            android:directBootAware="false"
108-->[androidx.profileinstaller:profileinstaller:1.3.1] AndroidManifest.xml:36:13-44
109            android:enabled="true"
109-->[androidx.profileinstaller:profileinstaller:1.3.1] AndroidManifest.xml:37:13-35
110            android:exported="true"
110-->[androidx.profileinstaller:profileinstaller:1.3.1] AndroidManifest.xml:38:13-36
111            android:permission="android.permission.DUMP" >
111-->[androidx.profileinstaller:profileinstaller:1.3.1] AndroidManifest.xml:39:13-57
112            <intent-filter>
112-->[androidx.profileinstaller:profileinstaller:1.3.1] AndroidManifest.xml:40:13-42:29
113                <action android:name="androidx.profileinstaller.action.INSTALL_PROFILE" />
113-->[androidx.profileinstaller:profileinstaller:1.3.1] AndroidManifest.xml:41:17-91
113-->[androidx.profileinstaller:profileinstaller:1.3.1] AndroidManifest.xml:41:25-88
114            </intent-filter>
115            <intent-filter>
115-->[androidx.profileinstaller:profileinstaller:1.3.1] AndroidManifest.xml:43:13-45:29
116                <action android:name="androidx.profileinstaller.action.SKIP_FILE" />
116-->[androidx.profileinstaller:profileinstaller:1.3.1] AndroidManifest.xml:44:17-85
116-->[androidx.profileinstaller:profileinstaller:1.3.1] AndroidManifest.xml:44:25-82
117            </intent-filter>
118            <intent-filter>
118-->[androidx.profileinstaller:profileinstaller:1.3.1] AndroidManifest.xml:46:13-48:29
119                <action android:name="androidx.profileinstaller.action.SAVE_PROFILE" />
119-->[androidx.profileinstaller:profileinstaller:1.3.1] AndroidManifest.xml:47:17-88
119-->[androidx.profileinstaller:profileinstaller:1.3.1] AndroidManifest.xml:47:25-85
120            </intent-filter>
121            <intent-filter>
121-->[androidx.profileinstaller:profileinstaller:1.3.1] AndroidManifest.xml:49:13-51:29
122                <action android:name="androidx.profileinstaller.action.BENCHMARK_OPERATION" />
122-->[androidx.profileinstaller:profileinstaller:1.3.1] AndroidManifest.xml:50:17-95
122-->[androidx.profileinstaller:profileinstaller:1.3.1] AndroidManifest.xml:50:25-92
123            </intent-filter>
124        </receiver>
125    </application>
126
127</manifest>